[2022-01-31 03:37:39,400] {taskinstance.py:1035} INFO - Dependencies all met for <TaskInstance: extract_load_vehpo.extract_vehiclePositions manual__2022-01-31T03:37:37.816978+00:00 [queued]>
[2022-01-31 03:37:39,421] {taskinstance.py:1035} INFO - Dependencies all met for <TaskInstance: extract_load_vehpo.extract_vehiclePositions manual__2022-01-31T03:37:37.816978+00:00 [queued]>
[2022-01-31 03:37:39,423] {taskinstance.py:1241} INFO - 
--------------------------------------------------------------------------------
[2022-01-31 03:37:39,425] {taskinstance.py:1242} INFO - Starting attempt 1 of 1
[2022-01-31 03:37:39,426] {taskinstance.py:1243} INFO - 
--------------------------------------------------------------------------------
[2022-01-31 03:37:39,451] {taskinstance.py:1262} INFO - Executing <Task(PythonOperator): extract_vehiclePositions> on 2022-01-31 03:37:37.816978+00:00
[2022-01-31 03:37:39,459] {standard_task_runner.py:52} INFO - Started process 4521 to run task
[2022-01-31 03:37:39,473] {standard_task_runner.py:76} INFO - Running: ['***', 'tasks', 'run', 'extract_load_vehpo', 'extract_vehiclePositions', 'manual__2022-01-31T03:37:37.816978+00:00', '--job-id', '155', '--raw', '--subdir', 'DAGS_FOLDER/ELT_VehiclePositions.py', '--cfg-path', '/tmp/tmpxutv22ol', '--error-file', '/tmp/tmp6dx_0w3j']
[2022-01-31 03:37:39,480] {standard_task_runner.py:77} INFO - Job 155: Subtask extract_vehiclePositions
[2022-01-31 03:37:39,532] {logging_mixin.py:109} INFO - Running <TaskInstance: extract_load_vehpo.extract_vehiclePositions manual__2022-01-31T03:37:37.816978+00:00 [running]> on host 932e3c301250
[2022-01-31 03:37:39,591] {taskinstance.py:1414} INFO - Exporting the following env vars:
AIRFLOW_CTX_DAG_OWNER=juan
AIRFLOW_CTX_DAG_ID=extract_load_vehpo
AIRFLOW_CTX_TASK_ID=extract_vehiclePositions
AIRFLOW_CTX_EXECUTION_DATE=2022-01-31T03:37:37.816978+00:00
AIRFLOW_CTX_DAG_RUN_ID=manual__2022-01-31T03:37:37.816978+00:00
[2022-01-31 03:38:05,566] {python.py:152} INFO - Done. Returned value was: None
[2022-01-31 03:38:05,599] {taskinstance.py:1280} INFO - Marking task as SUCCESS. dag_id=extract_load_vehpo, task_id=extract_vehiclePositions, execution_date=20220131T033737, start_date=20220131T033739, end_date=20220131T033805
[2022-01-31 03:38:05,781] {local_task_job.py:154} INFO - Task exited with return code 0
[2022-01-31 03:38:05,895] {local_task_job.py:264} INFO - 1 downstream tasks scheduled from follow-on schedule check
