[2022-01-31 03:25:22,671] {taskinstance.py:1035} INFO - Dependencies all met for <TaskInstance: extract_load_vehpo.extract_vehiclePositions scheduled__2022-01-31T03:24:21.659161+00:00 [queued]>
[2022-01-31 03:25:22,688] {taskinstance.py:1035} INFO - Dependencies all met for <TaskInstance: extract_load_vehpo.extract_vehiclePositions scheduled__2022-01-31T03:24:21.659161+00:00 [queued]>
[2022-01-31 03:25:22,689] {taskinstance.py:1241} INFO - 
--------------------------------------------------------------------------------
[2022-01-31 03:25:22,690] {taskinstance.py:1242} INFO - Starting attempt 1 of 1
[2022-01-31 03:25:22,691] {taskinstance.py:1243} INFO - 
--------------------------------------------------------------------------------
[2022-01-31 03:25:22,711] {taskinstance.py:1262} INFO - Executing <Task(PythonOperator): extract_vehiclePositions> on 2022-01-31 03:24:21.659161+00:00
[2022-01-31 03:25:22,718] {standard_task_runner.py:52} INFO - Started process 3866 to run task
[2022-01-31 03:25:22,727] {standard_task_runner.py:76} INFO - Running: ['***', 'tasks', 'run', 'extract_load_vehpo', 'extract_vehiclePositions', 'scheduled__2022-01-31T03:24:21.659161+00:00', '--job-id', '129', '--raw', '--subdir', 'DAGS_FOLDER/ELT_VehiclePositions.py', '--cfg-path', '/tmp/tmpl1e5k4ys', '--error-file', '/tmp/tmppayxusk6']
[2022-01-31 03:25:22,734] {standard_task_runner.py:77} INFO - Job 129: Subtask extract_vehiclePositions
[2022-01-31 03:25:22,785] {logging_mixin.py:109} INFO - Running <TaskInstance: extract_load_vehpo.extract_vehiclePositions scheduled__2022-01-31T03:24:21.659161+00:00 [running]> on host 932e3c301250
[2022-01-31 03:25:22,841] {taskinstance.py:1414} INFO - Exporting the following env vars:
AIRFLOW_CTX_DAG_OWNER=juan
AIRFLOW_CTX_DAG_ID=extract_load_vehpo
AIRFLOW_CTX_TASK_ID=extract_vehiclePositions
AIRFLOW_CTX_EXECUTION_DATE=2022-01-31T03:24:21.659161+00:00
AIRFLOW_CTX_DAG_RUN_ID=scheduled__2022-01-31T03:24:21.659161+00:00
[2022-01-31 03:25:23,447] {python.py:152} INFO - Done. Returned value was: None
[2022-01-31 03:25:23,460] {taskinstance.py:1280} INFO - Marking task as SUCCESS. dag_id=extract_load_vehpo, task_id=extract_vehiclePositions, execution_date=20220131T032421, start_date=20220131T032522, end_date=20220131T032523
[2022-01-31 03:25:23,503] {local_task_job.py:154} INFO - Task exited with return code 0
[2022-01-31 03:25:23,548] {local_task_job.py:264} INFO - 1 downstream tasks scheduled from follow-on schedule check
