[2022-01-31 02:49:23,574] {taskinstance.py:1035} INFO - Dependencies all met for <TaskInstance: extract_load_vehpo.extract_vehiclePositions scheduled__2022-01-31T02:48:21.659161+00:00 [queued]>
[2022-01-31 02:49:23,626] {taskinstance.py:1035} INFO - Dependencies all met for <TaskInstance: extract_load_vehpo.extract_vehiclePositions scheduled__2022-01-31T02:48:21.659161+00:00 [queued]>
[2022-01-31 02:49:23,631] {taskinstance.py:1241} INFO - 
--------------------------------------------------------------------------------
[2022-01-31 02:49:23,659] {taskinstance.py:1242} INFO - Starting attempt 1 of 1
[2022-01-31 02:49:23,674] {taskinstance.py:1243} INFO - 
--------------------------------------------------------------------------------
[2022-01-31 02:49:23,804] {taskinstance.py:1262} INFO - Executing <Task(PythonOperator): extract_vehiclePositions> on 2022-01-31 02:48:21.659161+00:00
[2022-01-31 02:49:23,813] {standard_task_runner.py:52} INFO - Started process 1930 to run task
[2022-01-31 02:49:23,831] {standard_task_runner.py:76} INFO - Running: ['***', 'tasks', 'run', 'extract_load_vehpo', 'extract_vehiclePositions', 'scheduled__2022-01-31T02:48:21.659161+00:00', '--job-id', '57', '--raw', '--subdir', 'DAGS_FOLDER/ELT_VehiclePositions.py', '--cfg-path', '/tmp/tmp3xi1j1qf', '--error-file', '/tmp/tmpjvx6tvzr']
[2022-01-31 02:49:23,849] {standard_task_runner.py:77} INFO - Job 57: Subtask extract_vehiclePositions
[2022-01-31 02:49:24,156] {logging_mixin.py:109} INFO - Running <TaskInstance: extract_load_vehpo.extract_vehiclePositions scheduled__2022-01-31T02:48:21.659161+00:00 [running]> on host 932e3c301250
[2022-01-31 02:49:24,241] {taskinstance.py:1414} INFO - Exporting the following env vars:
AIRFLOW_CTX_DAG_OWNER=juan
AIRFLOW_CTX_DAG_ID=extract_load_vehpo
AIRFLOW_CTX_TASK_ID=extract_vehiclePositions
AIRFLOW_CTX_EXECUTION_DATE=2022-01-31T02:48:21.659161+00:00
AIRFLOW_CTX_DAG_RUN_ID=scheduled__2022-01-31T02:48:21.659161+00:00
[2022-01-31 02:49:45,438] {python.py:152} INFO - Done. Returned value was: None
[2022-01-31 02:49:45,449] {taskinstance.py:1280} INFO - Marking task as SUCCESS. dag_id=extract_load_vehpo, task_id=extract_vehiclePositions, execution_date=20220131T024821, start_date=20220131T024923, end_date=20220131T024945
[2022-01-31 02:49:45,477] {local_task_job.py:154} INFO - Task exited with return code 0
[2022-01-31 02:49:45,514] {local_task_job.py:264} INFO - 1 downstream tasks scheduled from follow-on schedule check
