[2022-01-31 03:09:25,154] {taskinstance.py:1035} INFO - Dependencies all met for <TaskInstance: extract_load_vehpo.extract_vehiclePositions scheduled__2022-01-31T03:08:21.659161+00:00 [queued]>
[2022-01-31 03:09:25,187] {taskinstance.py:1035} INFO - Dependencies all met for <TaskInstance: extract_load_vehpo.extract_vehiclePositions scheduled__2022-01-31T03:08:21.659161+00:00 [queued]>
[2022-01-31 03:09:25,188] {taskinstance.py:1241} INFO - 
--------------------------------------------------------------------------------
[2022-01-31 03:09:25,189] {taskinstance.py:1242} INFO - Starting attempt 1 of 1
[2022-01-31 03:09:25,189] {taskinstance.py:1243} INFO - 
--------------------------------------------------------------------------------
[2022-01-31 03:09:25,224] {taskinstance.py:1262} INFO - Executing <Task(PythonOperator): extract_vehiclePositions> on 2022-01-31 03:08:21.659161+00:00
[2022-01-31 03:09:25,238] {standard_task_runner.py:52} INFO - Started process 3008 to run task
[2022-01-31 03:09:25,270] {standard_task_runner.py:76} INFO - Running: ['***', 'tasks', 'run', 'extract_load_vehpo', 'extract_vehiclePositions', 'scheduled__2022-01-31T03:08:21.659161+00:00', '--job-id', '97', '--raw', '--subdir', 'DAGS_FOLDER/ELT_VehiclePositions.py', '--cfg-path', '/tmp/tmp5zvpx4v1', '--error-file', '/tmp/tmpsygyr195']
[2022-01-31 03:09:25,313] {standard_task_runner.py:77} INFO - Job 97: Subtask extract_vehiclePositions
[2022-01-31 03:09:25,470] {logging_mixin.py:109} INFO - Running <TaskInstance: extract_load_vehpo.extract_vehiclePositions scheduled__2022-01-31T03:08:21.659161+00:00 [running]> on host 932e3c301250
[2022-01-31 03:09:25,585] {taskinstance.py:1414} INFO - Exporting the following env vars:
AIRFLOW_CTX_DAG_OWNER=juan
AIRFLOW_CTX_DAG_ID=extract_load_vehpo
AIRFLOW_CTX_TASK_ID=extract_vehiclePositions
AIRFLOW_CTX_EXECUTION_DATE=2022-01-31T03:08:21.659161+00:00
AIRFLOW_CTX_DAG_RUN_ID=scheduled__2022-01-31T03:08:21.659161+00:00
[2022-01-31 03:09:26,305] {python.py:152} INFO - Done. Returned value was: None
[2022-01-31 03:09:26,346] {taskinstance.py:1280} INFO - Marking task as SUCCESS. dag_id=extract_load_vehpo, task_id=extract_vehiclePositions, execution_date=20220131T030821, start_date=20220131T030925, end_date=20220131T030926
[2022-01-31 03:09:26,471] {local_task_job.py:154} INFO - Task exited with return code 0
[2022-01-31 03:09:26,551] {local_task_job.py:264} INFO - 1 downstream tasks scheduled from follow-on schedule check
