[2022-01-31 03:56:03,601] {taskinstance.py:1035} INFO - Dependencies all met for <TaskInstance: extract_load_vehpo.extract_vehiclePositions scheduled__2022-01-31T03:54:54.291128+00:00 [queued]>
[2022-01-31 03:56:03,642] {taskinstance.py:1035} INFO - Dependencies all met for <TaskInstance: extract_load_vehpo.extract_vehiclePositions scheduled__2022-01-31T03:54:54.291128+00:00 [queued]>
[2022-01-31 03:56:03,643] {taskinstance.py:1241} INFO - 
--------------------------------------------------------------------------------
[2022-01-31 03:56:03,644] {taskinstance.py:1242} INFO - Starting attempt 1 of 1
[2022-01-31 03:56:03,645] {taskinstance.py:1243} INFO - 
--------------------------------------------------------------------------------
[2022-01-31 03:56:03,676] {taskinstance.py:1262} INFO - Executing <Task(PythonOperator): extract_vehiclePositions> on 2022-01-31 03:54:54.291128+00:00
[2022-01-31 03:56:03,689] {standard_task_runner.py:52} INFO - Started process 5488 to run task
[2022-01-31 03:56:03,696] {standard_task_runner.py:76} INFO - Running: ['***', 'tasks', 'run', 'extract_load_vehpo', 'extract_vehiclePositions', 'scheduled__2022-01-31T03:54:54.291128+00:00', '--job-id', '193', '--raw', '--subdir', 'DAGS_FOLDER/ELT_VehiclePositions.py', '--cfg-path', '/tmp/tmpsca_z3h_', '--error-file', '/tmp/tmppxkey2j1']
[2022-01-31 03:56:03,706] {standard_task_runner.py:77} INFO - Job 193: Subtask extract_vehiclePositions
[2022-01-31 03:56:03,767] {logging_mixin.py:109} INFO - Running <TaskInstance: extract_load_vehpo.extract_vehiclePositions scheduled__2022-01-31T03:54:54.291128+00:00 [running]> on host 932e3c301250
[2022-01-31 03:56:03,854] {taskinstance.py:1414} INFO - Exporting the following env vars:
AIRFLOW_CTX_DAG_OWNER=juan
AIRFLOW_CTX_DAG_ID=extract_load_vehpo
AIRFLOW_CTX_TASK_ID=extract_vehiclePositions
AIRFLOW_CTX_EXECUTION_DATE=2022-01-31T03:54:54.291128+00:00
AIRFLOW_CTX_DAG_RUN_ID=scheduled__2022-01-31T03:54:54.291128+00:00
[2022-01-31 03:56:05,742] {python.py:152} INFO - Done. Returned value was: None
[2022-01-31 03:56:05,766] {taskinstance.py:1280} INFO - Marking task as SUCCESS. dag_id=extract_load_vehpo, task_id=extract_vehiclePositions, execution_date=20220131T035454, start_date=20220131T035603, end_date=20220131T035605
[2022-01-31 03:56:05,819] {local_task_job.py:154} INFO - Task exited with return code 0
[2022-01-31 03:56:05,908] {local_task_job.py:264} INFO - 1 downstream tasks scheduled from follow-on schedule check
