[2022-01-31 02:37:21,809] {taskinstance.py:1035} INFO - Dependencies all met for <TaskInstance: extract_load_vehpo.extract_vehiclePositions scheduled__2022-01-31T02:34:21.659161+00:00 [queued]>
[2022-01-31 02:37:22,076] {taskinstance.py:1035} INFO - Dependencies all met for <TaskInstance: extract_load_vehpo.extract_vehiclePositions scheduled__2022-01-31T02:34:21.659161+00:00 [queued]>
[2022-01-31 02:37:22,077] {taskinstance.py:1241} INFO - 
--------------------------------------------------------------------------------
[2022-01-31 02:37:22,078] {taskinstance.py:1242} INFO - Starting attempt 1 of 1
[2022-01-31 02:37:22,078] {taskinstance.py:1243} INFO - 
--------------------------------------------------------------------------------
[2022-01-31 02:37:22,295] {taskinstance.py:1262} INFO - Executing <Task(PythonOperator): extract_vehiclePositions> on 2022-01-31 02:34:21.659161+00:00
[2022-01-31 02:37:22,340] {standard_task_runner.py:52} INFO - Started process 1268 to run task
[2022-01-31 02:37:22,370] {standard_task_runner.py:76} INFO - Running: ['***', 'tasks', 'run', 'extract_load_vehpo', 'extract_vehiclePositions', 'scheduled__2022-01-31T02:34:21.659161+00:00', '--job-id', '27', '--raw', '--subdir', 'DAGS_FOLDER/ELT_VehiclePositions.py', '--cfg-path', '/tmp/tmpe_flc04_', '--error-file', '/tmp/tmp_htbfd4i']
[2022-01-31 02:37:22,456] {standard_task_runner.py:77} INFO - Job 27: Subtask extract_vehiclePositions
[2022-01-31 02:37:22,810] {logging_mixin.py:109} INFO - Running <TaskInstance: extract_load_vehpo.extract_vehiclePositions scheduled__2022-01-31T02:34:21.659161+00:00 [running]> on host 932e3c301250
[2022-01-31 02:37:23,057] {taskinstance.py:1414} INFO - Exporting the following env vars:
AIRFLOW_CTX_DAG_OWNER=juan
AIRFLOW_CTX_DAG_ID=extract_load_vehpo
AIRFLOW_CTX_TASK_ID=extract_vehiclePositions
AIRFLOW_CTX_EXECUTION_DATE=2022-01-31T02:34:21.659161+00:00
AIRFLOW_CTX_DAG_RUN_ID=scheduled__2022-01-31T02:34:21.659161+00:00
[2022-01-31 02:37:24,153] {python.py:152} INFO - Done. Returned value was: None
[2022-01-31 02:37:24,179] {taskinstance.py:1280} INFO - Marking task as SUCCESS. dag_id=extract_load_vehpo, task_id=extract_vehiclePositions, execution_date=20220131T023421, start_date=20220131T023721, end_date=20220131T023724
[2022-01-31 02:37:24,255] {local_task_job.py:154} INFO - Task exited with return code 0
[2022-01-31 02:37:24,347] {local_task_job.py:264} INFO - 1 downstream tasks scheduled from follow-on schedule check
