[2022-01-31 03:28:23,677] {taskinstance.py:1035} INFO - Dependencies all met for <TaskInstance: extract_load_vehpo.extract_vehiclePositions scheduled__2022-01-31T03:27:21.659161+00:00 [queued]>
[2022-01-31 03:28:23,733] {taskinstance.py:1035} INFO - Dependencies all met for <TaskInstance: extract_load_vehpo.extract_vehiclePositions scheduled__2022-01-31T03:27:21.659161+00:00 [queued]>
[2022-01-31 03:28:23,735] {taskinstance.py:1241} INFO - 
--------------------------------------------------------------------------------
[2022-01-31 03:28:23,737] {taskinstance.py:1242} INFO - Starting attempt 1 of 1
[2022-01-31 03:28:23,739] {taskinstance.py:1243} INFO - 
--------------------------------------------------------------------------------
[2022-01-31 03:28:23,779] {taskinstance.py:1262} INFO - Executing <Task(PythonOperator): extract_vehiclePositions> on 2022-01-31 03:27:21.659161+00:00
[2022-01-31 03:28:23,794] {standard_task_runner.py:52} INFO - Started process 4028 to run task
[2022-01-31 03:28:23,800] {standard_task_runner.py:76} INFO - Running: ['***', 'tasks', 'run', 'extract_load_vehpo', 'extract_vehiclePositions', 'scheduled__2022-01-31T03:27:21.659161+00:00', '--job-id', '135', '--raw', '--subdir', 'DAGS_FOLDER/ELT_VehiclePositions.py', '--cfg-path', '/tmp/tmpzeugqhmw', '--error-file', '/tmp/tmp6qjocq32']
[2022-01-31 03:28:23,822] {standard_task_runner.py:77} INFO - Job 135: Subtask extract_vehiclePositions
[2022-01-31 03:28:23,931] {logging_mixin.py:109} INFO - Running <TaskInstance: extract_load_vehpo.extract_vehiclePositions scheduled__2022-01-31T03:27:21.659161+00:00 [running]> on host 932e3c301250
[2022-01-31 03:28:24,030] {taskinstance.py:1414} INFO - Exporting the following env vars:
AIRFLOW_CTX_DAG_OWNER=juan
AIRFLOW_CTX_DAG_ID=extract_load_vehpo
AIRFLOW_CTX_TASK_ID=extract_vehiclePositions
AIRFLOW_CTX_EXECUTION_DATE=2022-01-31T03:27:21.659161+00:00
AIRFLOW_CTX_DAG_RUN_ID=scheduled__2022-01-31T03:27:21.659161+00:00
[2022-01-31 03:28:25,169] {python.py:152} INFO - Done. Returned value was: None
[2022-01-31 03:28:25,183] {taskinstance.py:1280} INFO - Marking task as SUCCESS. dag_id=extract_load_vehpo, task_id=extract_vehiclePositions, execution_date=20220131T032721, start_date=20220131T032823, end_date=20220131T032825
[2022-01-31 03:28:25,239] {local_task_job.py:154} INFO - Task exited with return code 0
[2022-01-31 03:28:25,285] {local_task_job.py:264} INFO - 1 downstream tasks scheduled from follow-on schedule check
