[2022-01-31 02:37:17,977] {taskinstance.py:1035} INFO - Dependencies all met for <TaskInstance: extract_load_vehpo.extract_vehiclePositions scheduled__2022-01-31T02:32:21.659161+00:00 [queued]>
[2022-01-31 02:37:18,017] {taskinstance.py:1035} INFO - Dependencies all met for <TaskInstance: extract_load_vehpo.extract_vehiclePositions scheduled__2022-01-31T02:32:21.659161+00:00 [queued]>
[2022-01-31 02:37:18,020] {taskinstance.py:1241} INFO - 
--------------------------------------------------------------------------------
[2022-01-31 02:37:18,022] {taskinstance.py:1242} INFO - Starting attempt 1 of 1
[2022-01-31 02:37:18,023] {taskinstance.py:1243} INFO - 
--------------------------------------------------------------------------------
[2022-01-31 02:37:18,092] {taskinstance.py:1262} INFO - Executing <Task(PythonOperator): extract_vehiclePositions> on 2022-01-31 02:32:21.659161+00:00
[2022-01-31 02:37:18,107] {standard_task_runner.py:52} INFO - Started process 1259 to run task
[2022-01-31 02:37:18,125] {standard_task_runner.py:76} INFO - Running: ['***', 'tasks', 'run', 'extract_load_vehpo', 'extract_vehiclePositions', 'scheduled__2022-01-31T02:32:21.659161+00:00', '--job-id', '23', '--raw', '--subdir', 'DAGS_FOLDER/ELT_VehiclePositions.py', '--cfg-path', '/tmp/tmpkdddyv99', '--error-file', '/tmp/tmpm__fr991']
[2022-01-31 02:37:18,143] {standard_task_runner.py:77} INFO - Job 23: Subtask extract_vehiclePositions
[2022-01-31 02:37:18,250] {logging_mixin.py:109} INFO - Running <TaskInstance: extract_load_vehpo.extract_vehiclePositions scheduled__2022-01-31T02:32:21.659161+00:00 [running]> on host 932e3c301250
[2022-01-31 02:37:18,411] {taskinstance.py:1414} INFO - Exporting the following env vars:
AIRFLOW_CTX_DAG_OWNER=juan
AIRFLOW_CTX_DAG_ID=extract_load_vehpo
AIRFLOW_CTX_TASK_ID=extract_vehiclePositions
AIRFLOW_CTX_EXECUTION_DATE=2022-01-31T02:32:21.659161+00:00
AIRFLOW_CTX_DAG_RUN_ID=scheduled__2022-01-31T02:32:21.659161+00:00
[2022-01-31 02:37:19,452] {python.py:152} INFO - Done. Returned value was: None
[2022-01-31 02:37:19,475] {taskinstance.py:1280} INFO - Marking task as SUCCESS. dag_id=extract_load_vehpo, task_id=extract_vehiclePositions, execution_date=20220131T023221, start_date=20220131T023717, end_date=20220131T023719
[2022-01-31 02:37:19,599] {local_task_job.py:154} INFO - Task exited with return code 0
[2022-01-31 02:37:19,748] {local_task_job.py:264} INFO - 1 downstream tasks scheduled from follow-on schedule check
