[2022-01-31 03:43:55,843] {taskinstance.py:1035} INFO - Dependencies all met for <TaskInstance: extract_load_vehpo.extract_vehiclePositions scheduled__2022-01-31T03:42:54.662875+00:00 [queued]>
[2022-01-31 03:43:55,855] {taskinstance.py:1035} INFO - Dependencies all met for <TaskInstance: extract_load_vehpo.extract_vehiclePositions scheduled__2022-01-31T03:42:54.662875+00:00 [queued]>
[2022-01-31 03:43:55,856] {taskinstance.py:1241} INFO - 
--------------------------------------------------------------------------------
[2022-01-31 03:43:55,864] {taskinstance.py:1242} INFO - Starting attempt 1 of 1
[2022-01-31 03:43:55,865] {taskinstance.py:1243} INFO - 
--------------------------------------------------------------------------------
[2022-01-31 03:43:55,881] {taskinstance.py:1262} INFO - Executing <Task(PythonOperator): extract_vehiclePositions> on 2022-01-31 03:42:54.662875+00:00
[2022-01-31 03:43:55,886] {standard_task_runner.py:52} INFO - Started process 4858 to run task
[2022-01-31 03:43:55,892] {standard_task_runner.py:76} INFO - Running: ['***', 'tasks', 'run', 'extract_load_vehpo', 'extract_vehiclePositions', 'scheduled__2022-01-31T03:42:54.662875+00:00', '--job-id', '169', '--raw', '--subdir', 'DAGS_FOLDER/ELT_VehiclePositions.py', '--cfg-path', '/tmp/tmp0fvhh65p', '--error-file', '/tmp/tmp7h_pn17j']
[2022-01-31 03:43:55,899] {standard_task_runner.py:77} INFO - Job 169: Subtask extract_vehiclePositions
[2022-01-31 03:43:55,942] {logging_mixin.py:109} INFO - Running <TaskInstance: extract_load_vehpo.extract_vehiclePositions scheduled__2022-01-31T03:42:54.662875+00:00 [running]> on host 932e3c301250
[2022-01-31 03:43:55,994] {taskinstance.py:1414} INFO - Exporting the following env vars:
AIRFLOW_CTX_DAG_OWNER=juan
AIRFLOW_CTX_DAG_ID=extract_load_vehpo
AIRFLOW_CTX_TASK_ID=extract_vehiclePositions
AIRFLOW_CTX_EXECUTION_DATE=2022-01-31T03:42:54.662875+00:00
AIRFLOW_CTX_DAG_RUN_ID=scheduled__2022-01-31T03:42:54.662875+00:00
[2022-01-31 03:44:06,032] {python.py:152} INFO - Done. Returned value was: None
[2022-01-31 03:44:06,049] {taskinstance.py:1280} INFO - Marking task as SUCCESS. dag_id=extract_load_vehpo, task_id=extract_vehiclePositions, execution_date=20220131T034254, start_date=20220131T034355, end_date=20220131T034406
[2022-01-31 03:44:06,077] {local_task_job.py:212} WARNING - State of this instance has been externally set to success. Terminating instance.
