[2022-01-31 03:15:22,670] {taskinstance.py:1035} INFO - Dependencies all met for <TaskInstance: extract_load_vehpo.extract_vehiclePositions scheduled__2022-01-31T03:14:21.659161+00:00 [queued]>
[2022-01-31 03:15:22,682] {taskinstance.py:1035} INFO - Dependencies all met for <TaskInstance: extract_load_vehpo.extract_vehiclePositions scheduled__2022-01-31T03:14:21.659161+00:00 [queued]>
[2022-01-31 03:15:22,682] {taskinstance.py:1241} INFO - 
--------------------------------------------------------------------------------
[2022-01-31 03:15:22,683] {taskinstance.py:1242} INFO - Starting attempt 1 of 1
[2022-01-31 03:15:22,683] {taskinstance.py:1243} INFO - 
--------------------------------------------------------------------------------
[2022-01-31 03:15:22,700] {taskinstance.py:1262} INFO - Executing <Task(PythonOperator): extract_vehiclePositions> on 2022-01-31 03:14:21.659161+00:00
[2022-01-31 03:15:22,705] {standard_task_runner.py:52} INFO - Started process 3336 to run task
[2022-01-31 03:15:22,710] {standard_task_runner.py:76} INFO - Running: ['***', 'tasks', 'run', 'extract_load_vehpo', 'extract_vehiclePositions', 'scheduled__2022-01-31T03:14:21.659161+00:00', '--job-id', '109', '--raw', '--subdir', 'DAGS_FOLDER/ELT_VehiclePositions.py', '--cfg-path', '/tmp/tmpx6afu1yd', '--error-file', '/tmp/tmpqaaj3cyx']
[2022-01-31 03:15:22,718] {standard_task_runner.py:77} INFO - Job 109: Subtask extract_vehiclePositions
[2022-01-31 03:15:22,761] {logging_mixin.py:109} INFO - Running <TaskInstance: extract_load_vehpo.extract_vehiclePositions scheduled__2022-01-31T03:14:21.659161+00:00 [running]> on host 932e3c301250
[2022-01-31 03:15:22,809] {taskinstance.py:1414} INFO - Exporting the following env vars:
AIRFLOW_CTX_DAG_OWNER=juan
AIRFLOW_CTX_DAG_ID=extract_load_vehpo
AIRFLOW_CTX_TASK_ID=extract_vehiclePositions
AIRFLOW_CTX_EXECUTION_DATE=2022-01-31T03:14:21.659161+00:00
AIRFLOW_CTX_DAG_RUN_ID=scheduled__2022-01-31T03:14:21.659161+00:00
[2022-01-31 03:15:48,541] {python.py:152} INFO - Done. Returned value was: None
[2022-01-31 03:15:48,551] {taskinstance.py:1280} INFO - Marking task as SUCCESS. dag_id=extract_load_vehpo, task_id=extract_vehiclePositions, execution_date=20220131T031421, start_date=20220131T031522, end_date=20220131T031548
[2022-01-31 03:15:48,580] {local_task_job.py:154} INFO - Task exited with return code 0
[2022-01-31 03:15:48,611] {local_task_job.py:264} INFO - 1 downstream tasks scheduled from follow-on schedule check
