[2022-01-31 03:39:59,740] {taskinstance.py:1035} INFO - Dependencies all met for <TaskInstance: extract_load_vehpo.extract_vehiclePositions scheduled__2022-01-31T03:38:54.662875+00:00 [queued]>
[2022-01-31 03:39:59,756] {taskinstance.py:1035} INFO - Dependencies all met for <TaskInstance: extract_load_vehpo.extract_vehiclePositions scheduled__2022-01-31T03:38:54.662875+00:00 [queued]>
[2022-01-31 03:39:59,758] {taskinstance.py:1241} INFO - 
--------------------------------------------------------------------------------
[2022-01-31 03:39:59,758] {taskinstance.py:1242} INFO - Starting attempt 1 of 1
[2022-01-31 03:39:59,759] {taskinstance.py:1243} INFO - 
--------------------------------------------------------------------------------
[2022-01-31 03:39:59,783] {taskinstance.py:1262} INFO - Executing <Task(PythonOperator): extract_vehiclePositions> on 2022-01-31 03:38:54.662875+00:00
[2022-01-31 03:39:59,789] {standard_task_runner.py:52} INFO - Started process 4639 to run task
[2022-01-31 03:39:59,800] {standard_task_runner.py:76} INFO - Running: ['***', 'tasks', 'run', 'extract_load_vehpo', 'extract_vehiclePositions', 'scheduled__2022-01-31T03:38:54.662875+00:00', '--job-id', '159', '--raw', '--subdir', 'DAGS_FOLDER/ELT_VehiclePositions.py', '--cfg-path', '/tmp/tmp274lk5r9', '--error-file', '/tmp/tmpmo7wssjp']
[2022-01-31 03:39:59,806] {standard_task_runner.py:77} INFO - Job 159: Subtask extract_vehiclePositions
[2022-01-31 03:39:59,864] {logging_mixin.py:109} INFO - Running <TaskInstance: extract_load_vehpo.extract_vehiclePositions scheduled__2022-01-31T03:38:54.662875+00:00 [running]> on host 932e3c301250
[2022-01-31 03:39:59,939] {taskinstance.py:1414} INFO - Exporting the following env vars:
AIRFLOW_CTX_DAG_OWNER=juan
AIRFLOW_CTX_DAG_ID=extract_load_vehpo
AIRFLOW_CTX_TASK_ID=extract_vehiclePositions
AIRFLOW_CTX_EXECUTION_DATE=2022-01-31T03:38:54.662875+00:00
AIRFLOW_CTX_DAG_RUN_ID=scheduled__2022-01-31T03:38:54.662875+00:00
[2022-01-31 03:40:25,466] {python.py:152} INFO - Done. Returned value was: None
[2022-01-31 03:40:25,496] {taskinstance.py:1280} INFO - Marking task as SUCCESS. dag_id=extract_load_vehpo, task_id=extract_vehiclePositions, execution_date=20220131T033854, start_date=20220131T033959, end_date=20220131T034025
[2022-01-31 03:40:25,573] {local_task_job.py:154} INFO - Task exited with return code 0
[2022-01-31 03:40:25,639] {local_task_job.py:264} INFO - 1 downstream tasks scheduled from follow-on schedule check
