[2022-01-31 03:56:06,727] {taskinstance.py:1035} INFO - Dependencies all met for <TaskInstance: extract_load_vehpo.load_vehiclePositions manual__2022-01-31T03:56:02.072136+00:00 [queued]>
[2022-01-31 03:56:06,748] {taskinstance.py:1035} INFO - Dependencies all met for <TaskInstance: extract_load_vehpo.load_vehiclePositions manual__2022-01-31T03:56:02.072136+00:00 [queued]>
[2022-01-31 03:56:06,749] {taskinstance.py:1241} INFO - 
--------------------------------------------------------------------------------
[2022-01-31 03:56:06,750] {taskinstance.py:1242} INFO - Starting attempt 1 of 1
[2022-01-31 03:56:06,752] {taskinstance.py:1243} INFO - 
--------------------------------------------------------------------------------
[2022-01-31 03:56:06,793] {taskinstance.py:1262} INFO - Executing <Task(PythonOperator): load_vehiclePositions> on 2022-01-31 03:56:02.072136+00:00
[2022-01-31 03:56:06,801] {standard_task_runner.py:52} INFO - Started process 5492 to run task
[2022-01-31 03:56:06,812] {standard_task_runner.py:76} INFO - Running: ['***', 'tasks', 'run', 'extract_load_vehpo', 'load_vehiclePositions', 'manual__2022-01-31T03:56:02.072136+00:00', '--job-id', '195', '--raw', '--subdir', 'DAGS_FOLDER/ELT_VehiclePositions.py', '--cfg-path', '/tmp/tmp5tb5za6i', '--error-file', '/tmp/tmp97je5i6e']
[2022-01-31 03:56:06,823] {standard_task_runner.py:77} INFO - Job 195: Subtask load_vehiclePositions
[2022-01-31 03:56:06,913] {logging_mixin.py:109} INFO - Running <TaskInstance: extract_load_vehpo.load_vehiclePositions manual__2022-01-31T03:56:02.072136+00:00 [running]> on host 932e3c301250
[2022-01-31 03:56:07,016] {taskinstance.py:1414} INFO - Exporting the following env vars:
AIRFLOW_CTX_DAG_OWNER=juan
AIRFLOW_CTX_DAG_ID=extract_load_vehpo
AIRFLOW_CTX_TASK_ID=load_vehiclePositions
AIRFLOW_CTX_EXECUTION_DATE=2022-01-31T03:56:02.072136+00:00
AIRFLOW_CTX_DAG_RUN_ID=manual__2022-01-31T03:56:02.072136+00:00
[2022-01-31 03:56:38,048] {python.py:152} INFO - Done. Returned value was: None
[2022-01-31 03:56:38,064] {taskinstance.py:1280} INFO - Marking task as SUCCESS. dag_id=extract_load_vehpo, task_id=load_vehiclePositions, execution_date=20220131T035602, start_date=20220131T035606, end_date=20220131T035638
[2022-01-31 03:56:38,119] {local_task_job.py:154} INFO - Task exited with return code 0
[2022-01-31 03:56:38,151] {local_task_job.py:264} INFO - 0 downstream tasks scheduled from follow-on schedule check
[2022-01-31 03:56:38,174] {dagrun.py:491} INFO - Marking run <DagRun extract_load_vehpo @ 2022-01-31 03:56:02.072136+00:00: manual__2022-01-31T03:56:02.072136+00:00, externally triggered: True> successful
